0 info it worked if it ends with ok
1 verbose cli [ 'C:\\Program Files\\nodejs\\node.exe',
1 verbose cli   'C:\\Program Files\\nodejs\\node_modules\\npm\\bin\\npm-cli.js',
1 verbose cli   'install',
1 verbose cli   '--save',
1 verbose cli   'moment' ]
2 info using npm@2.15.8
3 info using node@v4.4.7
4 verbose install initial load of C:\Users\cl1308\ProjetoSuperAcao\appsuperacao\package.json
5 warn package.json appsuperacao@ No repository field.
6 warn package.json appsuperacao@ No README data
7 warn package.json appsuperacao@ No license field.
8 verbose installManyTop reading scoped package data from C:\Users\cl1308\ProjetoSuperAcao\appsuperacao\node_modules\add\package.json
9 verbose installManyTop reading scoped package data from C:\Users\cl1308\ProjetoSuperAcao\appsuperacao\node_modules\angular2-jwt\package.json
10 verbose installManyTop reading scoped package data from C:\Users\cl1308\ProjetoSuperAcao\appsuperacao\node_modules\angularfire2\package.json
11 verbose installManyTop reading scoped package data from C:\Users\cl1308\ProjetoSuperAcao\appsuperacao\node_modules\cordova\package.json
12 verbose installManyTop reading scoped package data from C:\Users\cl1308\ProjetoSuperAcao\appsuperacao\node_modules\cordova-plugin-facebook4\package.json
13 verbose installManyTop reading scoped package data from C:\Users\cl1308\ProjetoSuperAcao\appsuperacao\node_modules\del\package.json
14 verbose installManyTop reading scoped package data from C:\Users\cl1308\ProjetoSuperAcao\appsuperacao\node_modules\es6-shim\package.json
15 verbose installManyTop reading scoped package data from C:\Users\cl1308\ProjetoSuperAcao\appsuperacao\node_modules\firebase\package.json
16 verbose installManyTop reading scoped package data from C:\Users\cl1308\ProjetoSuperAcao\appsuperacao\node_modules\gulp\package.json
17 verbose installManyTop reading scoped package data from C:\Users\cl1308\ProjetoSuperAcao\appsuperacao\node_modules\gulp-watch\package.json
18 verbose installManyTop reading scoped package data from C:\Users\cl1308\ProjetoSuperAcao\appsuperacao\node_modules\ionic-angular\package.json
19 verbose installManyTop reading scoped package data from C:\Users\cl1308\ProjetoSuperAcao\appsuperacao\node_modules\ionic-gulp-browserify-typescript\package.json
20 verbose installManyTop reading scoped package data from C:\Users\cl1308\ProjetoSuperAcao\appsuperacao\node_modules\ionic-gulp-fonts-copy\package.json
21 verbose installManyTop reading scoped package data from C:\Users\cl1308\ProjetoSuperAcao\appsuperacao\node_modules\ionic-gulp-html-copy\package.json
22 verbose installManyTop reading scoped package data from C:\Users\cl1308\ProjetoSuperAcao\appsuperacao\node_modules\ionic-gulp-sass-build\package.json
23 verbose installManyTop reading scoped package data from C:\Users\cl1308\ProjetoSuperAcao\appsuperacao\node_modules\ionic-gulp-scripts-copy\package.json
24 verbose installManyTop reading scoped package data from C:\Users\cl1308\ProjetoSuperAcao\appsuperacao\node_modules\ionic-gulp-tslint\package.json
25 verbose installManyTop reading scoped package data from C:\Users\cl1308\ProjetoSuperAcao\appsuperacao\node_modules\ionic-native\package.json
26 verbose installManyTop reading scoped package data from C:\Users\cl1308\ProjetoSuperAcao\appsuperacao\node_modules\ionicons\package.json
27 verbose installManyTop reading scoped package data from C:\Users\cl1308\ProjetoSuperAcao\appsuperacao\node_modules\plugin\package.json
28 verbose installManyTop reading scoped package data from C:\Users\cl1308\ProjetoSuperAcao\appsuperacao\node_modules\reflect-metadata\package.json
29 verbose installManyTop reading scoped package data from C:\Users\cl1308\ProjetoSuperAcao\appsuperacao\node_modules\run-sequence\package.json
30 verbose installManyTop reading scoped package data from C:\Users\cl1308\ProjetoSuperAcao\appsuperacao\node_modules\rxjs\package.json
31 verbose installManyTop reading scoped package data from C:\Users\cl1308\ProjetoSuperAcao\appsuperacao\node_modules\tslint-ionic-rules\package.json
32 verbose installManyTop reading scoped package data from C:\Users\cl1308\ProjetoSuperAcao\appsuperacao\node_modules\zone.js\package.json
33 verbose installManyTop reading scoped package data from C:\Users\cl1308\ProjetoSuperAcao\appsuperacao\node_modules\@angular\common\package.json
34 verbose installManyTop reading scoped package data from C:\Users\cl1308\ProjetoSuperAcao\appsuperacao\node_modules\@angular\compiler\package.json
35 verbose installManyTop reading scoped package data from C:\Users\cl1308\ProjetoSuperAcao\appsuperacao\node_modules\@angular\core\package.json
36 verbose installManyTop reading scoped package data from C:\Users\cl1308\ProjetoSuperAcao\appsuperacao\node_modules\@angular\http\package.json
37 verbose installManyTop reading scoped package data from C:\Users\cl1308\ProjetoSuperAcao\appsuperacao\node_modules\@angular\platform-browser\package.json
38 verbose installManyTop reading scoped package data from C:\Users\cl1308\ProjetoSuperAcao\appsuperacao\node_modules\@angular\platform-browser-dynamic\package.json
39 info package.json ionic-gulp-fonts-copy@1.0.0 No repository field.
40 info package.json ionic-gulp-fonts-copy@1.0.0 No license field.
41 info package.json plugin@0.3.3 No license field.
42 info package.json @angular/common@2.0.0-rc.3 No description
43 info package.json @angular/compiler@2.0.0-rc.3 No description
44 info package.json @angular/core@2.0.0-rc.3 No description
45 info package.json @angular/http@2.0.0-rc.3 No description
46 info package.json @angular/platform-browser@2.0.0-rc.3 No description
47 info package.json @angular/platform-browser-dynamic@2.0.0-rc.3 No description
48 info package.json firebase@3.2.1 No license field.
49 verbose readDependencies loading dependencies from C:\Users\cl1308\ProjetoSuperAcao\appsuperacao\package.json
50 silly cache add args [ 'moment', null ]
51 verbose cache add spec moment
52 silly cache add parsed spec Result {
52 silly cache add   raw: 'moment',
52 silly cache add   scope: null,
52 silly cache add   name: 'moment',
52 silly cache add   rawSpec: '',
52 silly cache add   spec: 'latest',
52 silly cache add   type: 'tag' }
53 silly addNamed moment@latest
54 verbose addNamed "latest" is being treated as a dist-tag for moment
55 info addNameTag [ 'moment', 'latest' ]
56 silly mapToRegistry name moment
57 silly mapToRegistry using default registry
58 silly mapToRegistry registry https://registry.npmjs.org/
59 silly mapToRegistry data Result {
59 silly mapToRegistry   raw: 'moment',
59 silly mapToRegistry   scope: null,
59 silly mapToRegistry   name: 'moment',
59 silly mapToRegistry   rawSpec: '',
59 silly mapToRegistry   spec: 'latest',
59 silly mapToRegistry   type: 'tag' }
60 silly mapToRegistry uri https://registry.npmjs.org/moment
61 verbose addNameTag registry:https://registry.npmjs.org/moment not in flight; fetching
62 verbose request uri https://registry.npmjs.org/moment
63 verbose request no auth needed
64 info attempt registry request try #1 at 15:14:05
65 verbose request id f3b69638d125a6d6
66 verbose etag "2UU9EZWETCN0ARAZIDN4HEACS"
67 http request GET https://registry.npmjs.org/moment
68 http 200 https://registry.npmjs.org/moment
69 verbose headers { server: 'CouchDB/1.5.0 (Erlang OTP/R16B03)',
69 verbose headers   etag: '"CV6XDVA9C7YQE1PCTO06KHFL7"',
69 verbose headers   'content-type': 'application/json',
69 verbose headers   'content-encoding': 'gzip',
69 verbose headers   'cache-control': 'max-age=300',
69 verbose headers   'content-length': '12419',
69 verbose headers   'accept-ranges': 'bytes',
69 verbose headers   date: 'Wed, 03 Aug 2016 18:14:06 GMT',
69 verbose headers   via: '1.1 varnish',
69 verbose headers   age: '167',
69 verbose headers   connection: 'keep-alive',
69 verbose headers   'x-served-by': 'cache-mia1321-MIA',
69 verbose headers   'x-cache': 'HIT',
69 verbose headers   'x-cache-hits': '139',
69 verbose headers   'x-timer': 'S1470248046.320459,VS0,VE0',
69 verbose headers   vary: 'Accept-Encoding' }
70 silly get cb [ 200,
70 silly get   { server: 'CouchDB/1.5.0 (Erlang OTP/R16B03)',
70 silly get     etag: '"CV6XDVA9C7YQE1PCTO06KHFL7"',
70 silly get     'content-type': 'application/json',
70 silly get     'content-encoding': 'gzip',
70 silly get     'cache-control': 'max-age=300',
70 silly get     'content-length': '12419',
70 silly get     'accept-ranges': 'bytes',
70 silly get     date: 'Wed, 03 Aug 2016 18:14:06 GMT',
70 silly get     via: '1.1 varnish',
70 silly get     age: '167',
70 silly get     connection: 'keep-alive',
70 silly get     'x-served-by': 'cache-mia1321-MIA',
70 silly get     'x-cache': 'HIT',
70 silly get     'x-cache-hits': '139',
70 silly get     'x-timer': 'S1470248046.320459,VS0,VE0',
70 silly get     vary: 'Accept-Encoding' } ]
71 verbose get saving moment to C:\Users\cl1308\AppData\Roaming\npm-cache\registry.npmjs.org\moment\.cache.json
72 verbose correctMkdir C:\Users\cl1308\AppData\Roaming\npm-cache correctMkdir not in flight; initializing
73 silly addNameTag next cb for moment with tag latest
74 silly addNamed moment@2.14.1
75 verbose addNamed "2.14.1" is a plain semver version for moment
76 silly cache afterAdd moment@2.14.1
77 verbose afterAdd C:\Users\cl1308\AppData\Roaming\npm-cache\moment\2.14.1\package\package.json not in flight; writing
78 verbose correctMkdir C:\Users\cl1308\AppData\Roaming\npm-cache correctMkdir not in flight; initializing
79 verbose afterAdd C:\Users\cl1308\AppData\Roaming\npm-cache\moment\2.14.1\package\package.json written
80 silly install resolved [ { name: 'moment',
80 silly install resolved     version: '2.14.1',
80 silly install resolved     description: 'Parse, validate, manipulate, and display dates',
80 silly install resolved     homepage: 'http://momentjs.com',
80 silly install resolved     author:
80 silly install resolved      { name: 'Iskren Ivov Chernev',
80 silly install resolved        email: 'iskren.chernev@gmail.com',
80 silly install resolved        url: 'https://github.com/ichernev' },
80 silly install resolved     contributors: [ [Object], [Object], [Object], [Object], [Object] ],
80 silly install resolved     keywords:
80 silly install resolved      [ 'moment',
80 silly install resolved        'date',
80 silly install resolved        'time',
80 silly install resolved        'parse',
80 silly install resolved        'format',
80 silly install resolved        'validate',
80 silly install resolved        'i18n',
80 silly install resolved        'l10n',
80 silly install resolved        'ender' ],
80 silly install resolved     main: './moment.js',
80 silly install resolved     'jsnext:main': './src/moment.js',
80 silly install resolved     typings: './moment.d.ts',
80 silly install resolved     engines: { node: '*' },
80 silly install resolved     repository: { type: 'git', url: 'git+https://github.com/moment/moment.git' },
80 silly install resolved     bugs: { url: 'https://github.com/moment/moment/issues' },
80 silly install resolved     license: 'MIT',
80 silly install resolved     devDependencies:
80 silly install resolved      { 'uglify-js': 'latest',
80 silly install resolved        'es6-promise': 'latest',
80 silly install resolved        grunt: '~0.4',
80 silly install resolved        'grunt-cli': 'latest',
80 silly install resolved        benchmark: 'latest',
80 silly install resolved        esperanto: 'latest',
80 silly install resolved        'grunt-contrib-clean': 'latest',
80 silly install resolved        'grunt-contrib-concat': 'latest',
80 silly install resolved        'grunt-contrib-copy': 'latest',
80 silly install resolved        'grunt-contrib-jshint': 'latest',
80 silly install resolved        'grunt-contrib-uglify': 'latest',
80 silly install resolved        'grunt-contrib-watch': 'latest',
80 silly install resolved        'grunt-env': 'latest',
80 silly install resolved        'grunt-jscs': 'latest',
80 silly install resolved        'grunt-karma': 'latest',
80 silly install resolved        'grunt-nuget': 'latest',
80 silly install resolved        'grunt-benchmark': 'latest',
80 silly install resolved        'grunt-string-replace': 'latest',
80 silly install resolved        'grunt-exec': 'latest',
80 silly install resolved        'load-grunt-tasks': 'latest',
80 silly install resolved        karma: 'latest',
80 silly install resolved        'karma-chrome-launcher': 'latest',
80 silly install resolved        'karma-firefox-launcher': 'latest',
80 silly install resolved        'karma-qunit': 'latest',
80 silly install resolved        'karma-sauce-launcher': 'latest',
80 silly install resolved        qunit: '^0.7.5',
80 silly install resolved        'qunit-cli': '^0.1.4',
80 silly install resolved        spacejam: 'latest',
80 silly install resolved        coveralls: '^2.11.2',
80 silly install resolved        nyc: '^2.1.4' },
80 silly install resolved     ender: './ender.js',
80 silly install resolved     dojoBuild: 'package.js',
80 silly install resolved     jspm: { files: [Object], map: [Object], buildConfig: [Object] },
80 silly install resolved     scripts:
80 silly install resolved      { test: 'grunt test',
80 silly install resolved        coverage: 'nyc npm test && nyc report',
80 silly install resolved        coveralls: 'nyc npm test && nyc report --reporter=text-lcov | coveralls' },
80 silly install resolved     spm: { main: 'moment.js', output: [Object] },
80 silly install resolved     _id: 'moment@2.14.1',
80 silly install resolved     _shasum: 'b35b27c47e57ed2ddc70053d6b07becdb291741c',
80 silly install resolved     _from: 'moment@latest',
80 silly install resolved     _npmVersion: '3.8.6',
80 silly install resolved     _nodeVersion: '6.1.0',
80 silly install resolved     _npmUser: { name: 'ichernev', email: 'iskren.chernev@gmail.com' },
80 silly install resolved     dist:
80 silly install resolved      { shasum: 'b35b27c47e57ed2ddc70053d6b07becdb291741c',
80 silly install resolved        tarball: 'https://registry.npmjs.org/moment/-/moment-2.14.1.tgz' },
80 silly install resolved     maintainers: [ [Object], [Object] ],
80 silly install resolved     _npmOperationalInternal:
80 silly install resolved      { host: 'packages-16-east.internal.npmjs.com',
80 silly install resolved        tmp: 'tmp/moment-2.14.1.tgz_1467614674915_0.32715084473602474' },
80 silly install resolved     directories: {},
80 silly install resolved     _resolved: 'https://registry.npmjs.org/moment/-/moment-2.14.1.tgz',
80 silly install resolved     readme: 'ERROR: No README data found!' } ]
81 info install moment@2.14.1 into C:\Users\cl1308\ProjetoSuperAcao\appsuperacao
82 info installOne moment@2.14.1
83 verbose installOne of moment to C:\Users\cl1308\ProjetoSuperAcao\appsuperacao not in flight; installing
84 verbose correctMkdir C:\Users\cl1308\AppData\Roaming\npm-cache\_locks correctMkdir not in flight; initializing
85 verbose lock using C:\Users\cl1308\AppData\Roaming\npm-cache\_locks\moment-b5d414da6452cb05.lock for C:\Users\cl1308\ProjetoSuperAcao\appsuperacao\node_modules\moment
86 silly install write writing moment 2.14.1 to C:\Users\cl1308\ProjetoSuperAcao\appsuperacao\node_modules\moment
87 verbose unbuild node_modules\moment
88 silly gentlyRm C:\Users\cl1308\ProjetoSuperAcao\appsuperacao\node_modules\moment is being purged from base C:\Users\cl1308\ProjetoSuperAcao\appsuperacao
89 verbose gentlyRm don't care about contents; nuking C:\Users\cl1308\ProjetoSuperAcao\appsuperacao\node_modules\moment
90 verbose tar unpack C:\Users\cl1308\AppData\Roaming\npm-cache\moment\2.14.1\package.tgz
91 verbose tar unpacking to C:\Users\cl1308\ProjetoSuperAcao\appsuperacao\node_modules\moment
92 silly gentlyRm C:\Users\cl1308\ProjetoSuperAcao\appsuperacao\node_modules\moment is being purged
93 verbose gentlyRm don't care about contents; nuking C:\Users\cl1308\ProjetoSuperAcao\appsuperacao\node_modules\moment
94 silly gunzTarPerm modes [ '777', '666' ]
95 silly gunzTarPerm extractEntry package.json
96 silly gunzTarPerm modified mode [ 'package.json', 420, 438 ]
97 silly gunzTarPerm extractEntry .npmignore
98 silly gunzTarPerm modified mode [ '.npmignore', 420, 438 ]
99 silly gunzTarPerm extractEntry README.md
100 silly gunzTarPerm modified mode [ 'README.md', 420, 438 ]
101 silly gunzTarPerm extractEntry LICENSE
102 silly gunzTarPerm modified mode [ 'LICENSE', 420, 438 ]
103 silly gunzTarPerm extractEntry ender.js
104 silly gunzTarPerm modified mode [ 'ender.js', 420, 438 ]
105 silly gunzTarPerm extractEntry moment.js
106 silly gunzTarPerm modified mode [ 'moment.js', 420, 438 ]
107 silly gunzTarPerm extractEntry package.js
108 silly gunzTarPerm modified mode [ 'package.js', 420, 438 ]
109 silly gunzTarPerm extractEntry moment.d.ts
110 silly gunzTarPerm modified mode [ 'moment.d.ts', 420, 438 ]
111 silly gunzTarPerm extractEntry src/moment.js
112 silly gunzTarPerm modified mode [ 'src/moment.js', 420, 438 ]
113 silly gunzTarPerm extractEntry src/lib/create/check-overflow.js
114 silly gunzTarPerm modified mode [ 'src/lib/create/check-overflow.js', 420, 438 ]
115 silly gunzTarPerm extractEntry src/lib/create/from-anything.js
116 silly gunzTarPerm modified mode [ 'src/lib/create/from-anything.js', 420, 438 ]
117 silly gunzTarPerm extractEntry src/lib/create/from-array.js
118 silly gunzTarPerm modified mode [ 'src/lib/create/from-array.js', 420, 438 ]
119 silly gunzTarPerm extractEntry src/lib/create/from-object.js
120 silly gunzTarPerm modified mode [ 'src/lib/create/from-object.js', 420, 438 ]
121 silly gunzTarPerm extractEntry src/lib/create/from-string-and-array.js
122 silly gunzTarPerm modified mode [ 'src/lib/create/from-string-and-array.js', 420, 438 ]
123 silly gunzTarPerm extractEntry src/lib/create/date-from-array.js
124 silly gunzTarPerm modified mode [ 'src/lib/create/date-from-array.js', 420, 438 ]
125 silly gunzTarPerm extractEntry src/lib/create/from-string.js
126 silly gunzTarPerm modified mode [ 'src/lib/create/from-string.js', 420, 438 ]
127 silly gunzTarPerm extractEntry src/lib/create/local.js
128 silly gunzTarPerm modified mode [ 'src/lib/create/local.js', 420, 438 ]
129 silly gunzTarPerm extractEntry src/lib/create/parsing-flags.js
130 silly gunzTarPerm modified mode [ 'src/lib/create/parsing-flags.js', 420, 438 ]
131 silly gunzTarPerm extractEntry src/lib/create/utc.js
132 silly gunzTarPerm modified mode [ 'src/lib/create/utc.js', 420, 438 ]
133 silly gunzTarPerm extractEntry src/lib/create/valid.js
134 silly gunzTarPerm modified mode [ 'src/lib/create/valid.js', 420, 438 ]
135 silly gunzTarPerm extractEntry src/lib/create/from-string-and-format.js
136 silly gunzTarPerm modified mode [ 'src/lib/create/from-string-and-format.js', 420, 438 ]
137 silly gunzTarPerm extractEntry src/lib/duration/abs.js
138 silly gunzTarPerm modified mode [ 'src/lib/duration/abs.js', 420, 438 ]
139 silly gunzTarPerm extractEntry src/lib/duration/as.js
140 silly gunzTarPerm modified mode [ 'src/lib/duration/as.js', 420, 438 ]
141 silly gunzTarPerm extractEntry src/lib/duration/bubble.js
142 silly gunzTarPerm modified mode [ 'src/lib/duration/bubble.js', 420, 438 ]
143 silly gunzTarPerm extractEntry src/lib/duration/constructor.js
144 silly gunzTarPerm modified mode [ 'src/lib/duration/constructor.js', 420, 438 ]
145 silly gunzTarPerm extractEntry src/lib/duration/add-subtract.js
146 silly gunzTarPerm modified mode [ 'src/lib/duration/add-subtract.js', 420, 438 ]
147 silly gunzTarPerm extractEntry src/lib/duration/duration.js
148 silly gunzTarPerm modified mode [ 'src/lib/duration/duration.js', 420, 438 ]
149 silly gunzTarPerm extractEntry src/lib/duration/get.js
150 silly gunzTarPerm modified mode [ 'src/lib/duration/get.js', 420, 438 ]
151 silly gunzTarPerm extractEntry src/lib/duration/humanize.js
152 silly gunzTarPerm modified mode [ 'src/lib/duration/humanize.js', 420, 438 ]
153 silly gunzTarPerm extractEntry src/lib/duration/iso-string.js
154 silly gunzTarPerm modified mode [ 'src/lib/duration/iso-string.js', 420, 438 ]
155 silly gunzTarPerm extractEntry src/lib/duration/prototype.js
156 silly gunzTarPerm modified mode [ 'src/lib/duration/prototype.js', 420, 438 ]
157 silly gunzTarPerm extractEntry src/lib/duration/create.js
158 silly gunzTarPerm modified mode [ 'src/lib/duration/create.js', 420, 438 ]
159 silly gunzTarPerm extractEntry src/lib/format/format.js
160 silly gunzTarPerm modified mode [ 'src/lib/format/format.js', 420, 438 ]
161 silly gunzTarPerm extractEntry src/lib/locale/base-config.js
162 silly gunzTarPerm modified mode [ 'src/lib/locale/base-config.js', 420, 438 ]
163 silly gunzTarPerm extractEntry src/lib/locale/en.js
164 silly gunzTarPerm modified mode [ 'src/lib/locale/en.js', 420, 438 ]
165 silly gunzTarPerm extractEntry src/lib/locale/formats.js
166 silly gunzTarPerm modified mode [ 'src/lib/locale/formats.js', 420, 438 ]
167 silly gunzTarPerm extractEntry src/lib/locale/invalid.js
168 silly gunzTarPerm modified mode [ 'src/lib/locale/invalid.js', 420, 438 ]
169 silly gunzTarPerm extractEntry src/lib/locale/lists.js
170 silly gunzTarPerm modified mode [ 'src/lib/locale/lists.js', 420, 438 ]
171 silly gunzTarPerm extractEntry src/lib/locale/constructor.js
172 silly gunzTarPerm modified mode [ 'src/lib/locale/constructor.js', 420, 438 ]
173 silly gunzTarPerm extractEntry src/lib/locale/locales.js
174 silly gunzTarPerm modified mode [ 'src/lib/locale/locales.js', 420, 438 ]
175 silly gunzTarPerm extractEntry src/lib/locale/ordinal.js
176 silly gunzTarPerm modified mode [ 'src/lib/locale/ordinal.js', 420, 438 ]
177 silly gunzTarPerm extractEntry src/lib/locale/pre-post-format.js
178 silly gunzTarPerm modified mode [ 'src/lib/locale/pre-post-format.js', 420, 438 ]
179 silly gunzTarPerm extractEntry src/lib/locale/prototype.js
180 silly gunzTarPerm modified mode [ 'src/lib/locale/prototype.js', 420, 438 ]
181 silly gunzTarPerm extractEntry src/lib/locale/relative.js
182 silly gunzTarPerm modified mode [ 'src/lib/locale/relative.js', 420, 438 ]
183 silly gunzTarPerm extractEntry src/lib/locale/calendar.js
184 silly gunzTarPerm modified mode [ 'src/lib/locale/calendar.js', 420, 438 ]
185 silly gunzTarPerm extractEntry src/lib/locale/set.js
186 silly gunzTarPerm modified mode [ 'src/lib/locale/set.js', 420, 438 ]
187 silly gunzTarPerm extractEntry src/lib/locale/locale.js
188 silly gunzTarPerm modified mode [ 'src/lib/locale/locale.js', 420, 438 ]
189 silly gunzTarPerm extractEntry src/lib/moment/add-subtract.js
190 silly gunzTarPerm modified mode [ 'src/lib/moment/add-subtract.js', 420, 438 ]
191 silly gunzTarPerm extractEntry src/lib/moment/diff.js
192 silly gunzTarPerm modified mode [ 'src/lib/moment/diff.js', 420, 438 ]
193 silly gunzTarPerm extractEntry src/lib/moment/format.js
194 silly gunzTarPerm modified mode [ 'src/lib/moment/format.js', 420, 438 ]
195 silly gunzTarPerm extractEntry src/lib/moment/from.js
196 silly gunzTarPerm modified mode [ 'src/lib/moment/from.js', 420, 438 ]
197 silly gunzTarPerm extractEntry src/lib/moment/creation-data.js
198 silly gunzTarPerm modified mode [ 'src/lib/moment/creation-data.js', 420, 438 ]
199 silly gunzTarPerm extractEntry src/lib/moment/locale.js
200 silly gunzTarPerm modified mode [ 'src/lib/moment/locale.js', 420, 438 ]
201 silly gunzTarPerm extractEntry src/lib/moment/min-max.js
202 silly gunzTarPerm modified mode [ 'src/lib/moment/min-max.js', 420, 438 ]
203 silly gunzTarPerm extractEntry src/lib/moment/moment.js
204 silly gunzTarPerm modified mode [ 'src/lib/moment/moment.js', 420, 438 ]
205 silly gunzTarPerm extractEntry src/lib/moment/now.js
206 silly gunzTarPerm modified mode [ 'src/lib/moment/now.js', 420, 438 ]
207 silly gunzTarPerm extractEntry src/lib/moment/prototype.js
208 silly gunzTarPerm modified mode [ 'src/lib/moment/prototype.js', 420, 438 ]
209 silly gunzTarPerm extractEntry src/lib/moment/constructor.js
210 silly gunzTarPerm modified mode [ 'src/lib/moment/constructor.js', 420, 438 ]
211 silly gunzTarPerm extractEntry src/lib/moment/start-end-of.js
212 silly gunzTarPerm modified mode [ 'src/lib/moment/start-end-of.js', 420, 438 ]
213 silly gunzTarPerm extractEntry src/lib/moment/compare.js
214 silly gunzTarPerm modified mode [ 'src/lib/moment/compare.js', 420, 438 ]
215 silly gunzTarPerm extractEntry src/lib/moment/to-type.js
216 silly gunzTarPerm modified mode [ 'src/lib/moment/to-type.js', 420, 438 ]
217 silly gunzTarPerm extractEntry src/lib/moment/clone.js
218 silly gunzTarPerm modified mode [ 'src/lib/moment/clone.js', 420, 438 ]
219 silly gunzTarPerm extractEntry src/lib/moment/to.js
220 silly gunzTarPerm modified mode [ 'src/lib/moment/to.js', 420, 438 ]
221 silly gunzTarPerm extractEntry src/lib/moment/calendar.js
222 silly gunzTarPerm modified mode [ 'src/lib/moment/calendar.js', 420, 438 ]
223 silly gunzTarPerm extractEntry src/lib/moment/valid.js
224 silly gunzTarPerm modified mode [ 'src/lib/moment/valid.js', 420, 438 ]
225 silly gunzTarPerm extractEntry src/lib/moment/get-set.js
226 silly gunzTarPerm modified mode [ 'src/lib/moment/get-set.js', 420, 438 ]
227 silly gunzTarPerm extractEntry src/lib/parse/regex.js
228 silly gunzTarPerm modified mode [ 'src/lib/parse/regex.js', 420, 438 ]
229 silly gunzTarPerm extractEntry src/lib/parse/token.js
230 silly gunzTarPerm modified mode [ 'src/lib/parse/token.js', 420, 438 ]
231 silly gunzTarPerm extractEntry src/lib/units/aliases.js
232 silly gunzTarPerm modified mode [ 'src/lib/units/aliases.js', 420, 438 ]
233 silly gunzTarPerm extractEntry src/lib/units/millisecond.js
234 silly gunzTarPerm modified mode [ 'src/lib/units/millisecond.js', 420, 438 ]
235 silly gunzTarPerm extractEntry src/lib/units/minute.js
236 silly gunzTarPerm modified mode [ 'src/lib/units/minute.js', 420, 438 ]
237 silly gunzTarPerm extractEntry src/lib/units/month.js
238 silly gunzTarPerm modified mode [ 'src/lib/units/month.js', 420, 438 ]
239 silly gunzTarPerm extractEntry src/lib/units/offset.js
240 silly gunzTarPerm modified mode [ 'src/lib/units/offset.js', 420, 438 ]
241 silly gunzTarPerm extractEntry src/lib/units/hour.js
242 silly gunzTarPerm modified mode [ 'src/lib/units/hour.js', 420, 438 ]
243 silly gunzTarPerm extractEntry src/lib/units/quarter.js
244 silly gunzTarPerm modified mode [ 'src/lib/units/quarter.js', 420, 438 ]
245 silly gunzTarPerm extractEntry src/lib/units/second.js
246 silly gunzTarPerm modified mode [ 'src/lib/units/second.js', 420, 438 ]
247 silly gunzTarPerm extractEntry src/lib/units/timestamp.js
248 silly gunzTarPerm modified mode [ 'src/lib/units/timestamp.js', 420, 438 ]
249 silly gunzTarPerm extractEntry src/lib/units/timezone.js
250 silly gunzTarPerm modified mode [ 'src/lib/units/timezone.js', 420, 438 ]
251 silly gunzTarPerm extractEntry src/lib/units/units.js
252 silly gunzTarPerm modified mode [ 'src/lib/units/units.js', 420, 438 ]
253 silly gunzTarPerm extractEntry src/lib/units/day-of-year.js
254 silly gunzTarPerm modified mode [ 'src/lib/units/day-of-year.js', 420, 438 ]
255 silly gunzTarPerm extractEntry src/lib/units/week-calendar-utils.js
256 silly gunzTarPerm modified mode [ 'src/lib/units/week-calendar-utils.js', 420, 438 ]
257 silly gunzTarPerm extractEntry src/lib/units/day-of-week.js
258 silly gunzTarPerm modified mode [ 'src/lib/units/day-of-week.js', 420, 438 ]
259 silly gunzTarPerm extractEntry src/lib/units/week-year.js
260 silly gunzTarPerm modified mode [ 'src/lib/units/week-year.js', 420, 438 ]
261 silly gunzTarPerm extractEntry src/lib/units/day-of-month.js
262 silly gunzTarPerm modified mode [ 'src/lib/units/day-of-month.js', 420, 438 ]
263 silly gunzTarPerm extractEntry src/lib/units/week.js
264 silly gunzTarPerm modified mode [ 'src/lib/units/week.js', 420, 438 ]
265 silly gunzTarPerm extractEntry src/lib/units/constants.js
266 silly gunzTarPerm modified mode [ 'src/lib/units/constants.js', 420, 438 ]
267 silly gunzTarPerm extractEntry src/lib/units/year.js
268 silly gunzTarPerm modified mode [ 'src/lib/units/year.js', 420, 438 ]
269 silly gunzTarPerm extractEntry src/lib/units/priorities.js
270 silly gunzTarPerm modified mode [ 'src/lib/units/priorities.js', 420, 438 ]
271 silly gunzTarPerm extractEntry src/lib/utils/abs-ceil.js
272 silly gunzTarPerm modified mode [ 'src/lib/utils/abs-ceil.js', 420, 438 ]
273 silly gunzTarPerm extractEntry src/lib/utils/has-own-prop.js
274 silly gunzTarPerm modified mode [ 'src/lib/utils/has-own-prop.js', 420, 438 ]
275 silly gunzTarPerm extractEntry src/lib/utils/hooks.js
276 silly gunzTarPerm modified mode [ 'src/lib/utils/hooks.js', 420, 438 ]
277 silly gunzTarPerm extractEntry src/lib/utils/index-of.js
278 silly gunzTarPerm modified mode [ 'src/lib/utils/index-of.js', 420, 438 ]
279 silly gunzTarPerm extractEntry src/lib/utils/extend.js
280 silly gunzTarPerm modified mode [ 'src/lib/utils/extend.js', 420, 438 ]
281 silly gunzTarPerm extractEntry src/lib/utils/is-date.js
282 silly gunzTarPerm modified mode [ 'src/lib/utils/is-date.js', 420, 438 ]
283 silly gunzTarPerm extractEntry src/lib/utils/is-function.js
284 silly gunzTarPerm modified mode [ 'src/lib/utils/is-function.js', 420, 438 ]
285 silly gunzTarPerm extractEntry src/lib/utils/is-object-empty.js
286 silly gunzTarPerm modified mode [ 'src/lib/utils/is-object-empty.js', 420, 438 ]
287 silly gunzTarPerm extractEntry src/lib/utils/is-object.js
288 silly gunzTarPerm modified mode [ 'src/lib/utils/is-object.js', 420, 438 ]
289 silly gunzTarPerm extractEntry src/lib/utils/is-undefined.js
290 silly gunzTarPerm modified mode [ 'src/lib/utils/is-undefined.js', 420, 438 ]
291 silly gunzTarPerm extractEntry src/lib/utils/deprecate.js
292 silly gunzTarPerm modified mode [ 'src/lib/utils/deprecate.js', 420, 438 ]
293 silly gunzTarPerm extractEntry src/lib/utils/keys.js
294 silly gunzTarPerm modified mode [ 'src/lib/utils/keys.js', 420, 438 ]
295 silly gunzTarPerm extractEntry src/lib/utils/defaults.js
296 silly gunzTarPerm modified mode [ 'src/lib/utils/defaults.js', 420, 438 ]
297 silly gunzTarPerm extractEntry src/lib/utils/map.js
298 silly gunzTarPerm modified mode [ 'src/lib/utils/map.js', 420, 438 ]
299 silly gunzTarPerm extractEntry src/lib/utils/compare-arrays.js
300 silly gunzTarPerm modified mode [ 'src/lib/utils/compare-arrays.js', 420, 438 ]
301 silly gunzTarPerm extractEntry src/lib/utils/some.js
302 silly gunzTarPerm modified mode [ 'src/lib/utils/some.js', 420, 438 ]
303 silly gunzTarPerm extractEntry src/lib/utils/abs-round.js
304 silly gunzTarPerm modified mode [ 'src/lib/utils/abs-round.js', 420, 438 ]
305 silly gunzTarPerm extractEntry src/lib/utils/to-int.js
306 silly gunzTarPerm modified mode [ 'src/lib/utils/to-int.js', 420, 438 ]
307 silly gunzTarPerm extractEntry src/lib/utils/abs-floor.js
308 silly gunzTarPerm modified mode [ 'src/lib/utils/abs-floor.js', 420, 438 ]
309 silly gunzTarPerm extractEntry src/lib/utils/zero-fill.js
310 silly gunzTarPerm modified mode [ 'src/lib/utils/zero-fill.js', 420, 438 ]
311 silly gunzTarPerm extractEntry src/lib/utils/is-array.js
312 silly gunzTarPerm modified mode [ 'src/lib/utils/is-array.js', 420, 438 ]
313 silly gunzTarPerm extractEntry src/locale/af.js
314 silly gunzTarPerm modified mode [ 'src/locale/af.js', 420, 438 ]
315 silly gunzTarPerm extractEntry src/locale/it.js
316 silly gunzTarPerm modified mode [ 'src/locale/it.js', 420, 438 ]
317 silly gunzTarPerm extractEntry src/locale/ja.js
318 silly gunzTarPerm modified mode [ 'src/locale/ja.js', 420, 438 ]
319 silly gunzTarPerm extractEntry src/locale/jv.js
320 silly gunzTarPerm modified mode [ 'src/locale/jv.js', 420, 438 ]
321 silly gunzTarPerm extractEntry src/locale/is.js
322 silly gunzTarPerm modified mode [ 'src/locale/is.js', 420, 438 ]
323 silly gunzTarPerm extractEntry src/locale/kk.js
324 silly gunzTarPerm modified mode [ 'src/locale/kk.js', 420, 438 ]
325 silly gunzTarPerm extractEntry src/locale/km.js
326 silly gunzTarPerm modified mode [ 'src/locale/km.js', 420, 438 ]
327 silly gunzTarPerm extractEntry src/locale/ko.js
328 silly gunzTarPerm modified mode [ 'src/locale/ko.js', 420, 438 ]
329 silly gunzTarPerm extractEntry src/locale/ky.js
330 silly gunzTarPerm modified mode [ 'src/locale/ky.js', 420, 438 ]
331 silly gunzTarPerm extractEntry src/locale/lb.js
332 silly gunzTarPerm modified mode [ 'src/locale/lb.js', 420, 438 ]
333 silly gunzTarPerm extractEntry src/locale/id.js
334 silly gunzTarPerm modified mode [ 'src/locale/id.js', 420, 438 ]
335 silly gunzTarPerm extractEntry src/locale/lo.js
336 silly gunzTarPerm modified mode [ 'src/locale/lo.js', 420, 438 ]
337 silly gunzTarPerm extractEntry src/locale/hy-am.js
338 silly gunzTarPerm modified mode [ 'src/locale/hy-am.js', 420, 438 ]
339 silly gunzTarPerm extractEntry src/locale/lt.js
340 silly gunzTarPerm modified mode [ 'src/locale/lt.js', 420, 438 ]
341 silly gunzTarPerm extractEntry src/locale/hu.js
342 silly gunzTarPerm modified mode [ 'src/locale/hu.js', 420, 438 ]
343 silly gunzTarPerm extractEntry src/locale/lv.js
344 silly gunzTarPerm modified mode [ 'src/locale/lv.js', 420, 438 ]
345 silly gunzTarPerm extractEntry src/locale/hr.js
346 silly gunzTarPerm modified mode [ 'src/locale/hr.js', 420, 438 ]
347 silly gunzTarPerm extractEntry src/locale/me.js
348 silly gunzTarPerm modified mode [ 'src/locale/me.js', 420, 438 ]
349 silly gunzTarPerm extractEntry src/locale/hi.js
350 silly gunzTarPerm modified mode [ 'src/locale/hi.js', 420, 438 ]
351 silly gunzTarPerm extractEntry src/locale/mk.js
352 silly gunzTarPerm modified mode [ 'src/locale/mk.js', 420, 438 ]
353 silly gunzTarPerm extractEntry src/locale/he.js
354 silly gunzTarPerm modified mode [ 'src/locale/he.js', 420, 438 ]
355 silly gunzTarPerm extractEntry src/locale/ml.js
356 silly gunzTarPerm modified mode [ 'src/locale/ml.js', 420, 438 ]
357 silly gunzTarPerm extractEntry src/locale/gl.js
358 silly gunzTarPerm modified mode [ 'src/locale/gl.js', 420, 438 ]
359 silly gunzTarPerm extractEntry src/locale/mr.js
360 silly gunzTarPerm modified mode [ 'src/locale/mr.js', 420, 438 ]
361 silly gunzTarPerm extractEntry src/locale/gd.js
362 silly gunzTarPerm modified mode [ 'src/locale/gd.js', 420, 438 ]
363 silly gunzTarPerm extractEntry src/locale/ms-my.js
364 silly gunzTarPerm modified mode [ 'src/locale/ms-my.js', 420, 438 ]
365 silly gunzTarPerm extractEntry src/locale/fy.js
366 silly gunzTarPerm modified mode [ 'src/locale/fy.js', 420, 438 ]
367 silly gunzTarPerm extractEntry src/locale/ms.js
368 silly gunzTarPerm modified mode [ 'src/locale/ms.js', 420, 438 ]
369 silly gunzTarPerm extractEntry src/locale/fr.js
370 silly gunzTarPerm modified mode [ 'src/locale/fr.js', 420, 438 ]
371 silly gunzTarPerm extractEntry src/locale/my.js
372 silly gunzTarPerm modified mode [ 'src/locale/my.js', 420, 438 ]
373 silly gunzTarPerm extractEntry src/locale/fr-ch.js
374 silly gunzTarPerm modified mode [ 'src/locale/fr-ch.js', 420, 438 ]
375 silly gunzTarPerm extractEntry src/locale/nb.js
376 silly gunzTarPerm modified mode [ 'src/locale/nb.js', 420, 438 ]
377 silly gunzTarPerm extractEntry src/locale/fr-ca.js
378 silly gunzTarPerm modified mode [ 'src/locale/fr-ca.js', 420, 438 ]
379 silly gunzTarPerm extractEntry src/locale/ne.js
380 silly gunzTarPerm modified mode [ 'src/locale/ne.js', 420, 438 ]
381 silly gunzTarPerm extractEntry src/locale/fo.js
382 silly gunzTarPerm modified mode [ 'src/locale/fo.js', 420, 438 ]
383 silly gunzTarPerm extractEntry src/locale/nl.js
384 silly gunzTarPerm modified mode [ 'src/locale/nl.js', 420, 438 ]
385 silly gunzTarPerm extractEntry src/locale/fi.js
386 silly gunzTarPerm modified mode [ 'src/locale/fi.js', 420, 438 ]
387 silly gunzTarPerm extractEntry src/locale/nn.js
388 silly gunzTarPerm modified mode [ 'src/locale/nn.js', 420, 438 ]
389 silly gunzTarPerm extractEntry src/locale/fa.js
390 silly gunzTarPerm modified mode [ 'src/locale/fa.js', 420, 438 ]
391 silly gunzTarPerm extractEntry src/locale/pa-in.js
392 silly gunzTarPerm modified mode [ 'src/locale/pa-in.js', 420, 438 ]
393 silly gunzTarPerm extractEntry src/locale/eu.js
394 silly gunzTarPerm modified mode [ 'src/locale/eu.js', 420, 438 ]
395 silly gunzTarPerm extractEntry src/locale/pl.js
396 silly gunzTarPerm modified mode [ 'src/locale/pl.js', 420, 438 ]
397 silly gunzTarPerm extractEntry src/locale/et.js
398 silly gunzTarPerm modified mode [ 'src/locale/et.js', 420, 438 ]
399 silly gunzTarPerm extractEntry src/locale/pt-br.js
400 silly gunzTarPerm modified mode [ 'src/locale/pt-br.js', 420, 438 ]
401 silly gunzTarPerm extractEntry src/locale/es.js
402 silly gunzTarPerm modified mode [ 'src/locale/es.js', 420, 438 ]
403 silly gunzTarPerm extractEntry src/locale/pt.js
404 silly gunzTarPerm modified mode [ 'src/locale/pt.js', 420, 438 ]
405 silly gunzTarPerm extractEntry src/locale/es-do.js
406 silly gunzTarPerm modified mode [ 'src/locale/es-do.js', 420, 438 ]
407 silly gunzTarPerm extractEntry src/locale/ro.js
408 silly gunzTarPerm modified mode [ 'src/locale/ro.js', 420, 438 ]
409 silly gunzTarPerm extractEntry src/locale/eo.js
410 silly gunzTarPerm modified mode [ 'src/locale/eo.js', 420, 438 ]
411 silly gunzTarPerm extractEntry src/locale/ru.js
412 silly gunzTarPerm modified mode [ 'src/locale/ru.js', 420, 438 ]
413 silly gunzTarPerm extractEntry src/locale/en-nz.js
414 silly gunzTarPerm modified mode [ 'src/locale/en-nz.js', 420, 438 ]
415 silly gunzTarPerm extractEntry src/locale/se.js
416 silly gunzTarPerm modified mode [ 'src/locale/se.js', 420, 438 ]
417 silly gunzTarPerm extractEntry src/locale/en-ie.js
418 silly gunzTarPerm modified mode [ 'src/locale/en-ie.js', 420, 438 ]
419 silly gunzTarPerm extractEntry src/locale/si.js
420 silly gunzTarPerm modified mode [ 'src/locale/si.js', 420, 438 ]
421 silly gunzTarPerm extractEntry src/locale/en-gb.js
422 silly gunzTarPerm modified mode [ 'src/locale/en-gb.js', 420, 438 ]
423 silly gunzTarPerm extractEntry src/locale/sk.js
424 silly gunzTarPerm modified mode [ 'src/locale/sk.js', 420, 438 ]
425 silly gunzTarPerm extractEntry src/locale/en-ca.js
426 silly gunzTarPerm modified mode [ 'src/locale/en-ca.js', 420, 438 ]
427 silly gunzTarPerm extractEntry src/locale/sl.js
428 silly gunzTarPerm modified mode [ 'src/locale/sl.js', 420, 438 ]
429 silly gunzTarPerm extractEntry src/locale/en-au.js
430 silly gunzTarPerm modified mode [ 'src/locale/en-au.js', 420, 438 ]
431 silly gunzTarPerm extractEntry src/locale/sq.js
432 silly gunzTarPerm modified mode [ 'src/locale/sq.js', 420, 438 ]
433 silly gunzTarPerm extractEntry src/locale/el.js
434 silly gunzTarPerm modified mode [ 'src/locale/el.js', 420, 438 ]
435 silly gunzTarPerm extractEntry src/locale/sr-cyrl.js
436 silly gunzTarPerm modified mode [ 'src/locale/sr-cyrl.js', 420, 438 ]
437 silly gunzTarPerm extractEntry src/locale/dv.js
438 silly gunzTarPerm modified mode [ 'src/locale/dv.js', 420, 438 ]
439 silly gunzTarPerm extractEntry src/locale/sr.js
440 silly gunzTarPerm modified mode [ 'src/locale/sr.js', 420, 438 ]
441 silly gunzTarPerm extractEntry src/locale/de.js
442 silly gunzTarPerm modified mode [ 'src/locale/de.js', 420, 438 ]
443 silly gunzTarPerm extractEntry src/locale/ss.js
444 silly gunzTarPerm modified mode [ 'src/locale/ss.js', 420, 438 ]
445 silly gunzTarPerm extractEntry src/locale/de-at.js
446 silly gunzTarPerm modified mode [ 'src/locale/de-at.js', 420, 438 ]
447 silly gunzTarPerm extractEntry src/locale/sv.js
448 silly gunzTarPerm modified mode [ 'src/locale/sv.js', 420, 438 ]
449 silly gunzTarPerm extractEntry src/locale/da.js
450 silly gunzTarPerm modified mode [ 'src/locale/da.js', 420, 438 ]
451 silly gunzTarPerm extractEntry src/locale/sw.js
452 silly gunzTarPerm modified mode [ 'src/locale/sw.js', 420, 438 ]
453 silly gunzTarPerm extractEntry src/locale/cy.js
454 silly gunzTarPerm modified mode [ 'src/locale/cy.js', 420, 438 ]
455 silly gunzTarPerm extractEntry src/locale/ta.js
456 silly gunzTarPerm modified mode [ 'src/locale/ta.js', 420, 438 ]
457 silly gunzTarPerm extractEntry src/locale/cv.js
458 silly gunzTarPerm modified mode [ 'src/locale/cv.js', 420, 438 ]
459 silly gunzTarPerm extractEntry src/locale/te.js
460 silly gunzTarPerm modified mode [ 'src/locale/te.js', 420, 438 ]
461 silly gunzTarPerm extractEntry src/locale/cs.js
462 silly gunzTarPerm modified mode [ 'src/locale/cs.js', 420, 438 ]
463 silly gunzTarPerm extractEntry src/locale/th.js
464 silly gunzTarPerm modified mode [ 'src/locale/th.js', 420, 438 ]
465 silly gunzTarPerm extractEntry src/locale/ca.js
466 silly gunzTarPerm modified mode [ 'src/locale/ca.js', 420, 438 ]
467 silly gunzTarPerm extractEntry src/locale/tl-ph.js
468 silly gunzTarPerm modified mode [ 'src/locale/tl-ph.js', 420, 438 ]
469 silly gunzTarPerm extractEntry src/locale/bs.js
470 silly gunzTarPerm modified mode [ 'src/locale/bs.js', 420, 438 ]
471 silly gunzTarPerm extractEntry src/locale/tlh.js
472 silly gunzTarPerm modified mode [ 'src/locale/tlh.js', 420, 438 ]
473 silly gunzTarPerm extractEntry src/locale/br.js
474 silly gunzTarPerm modified mode [ 'src/locale/br.js', 420, 438 ]
475 silly gunzTarPerm extractEntry src/locale/tr.js
476 silly gunzTarPerm modified mode [ 'src/locale/tr.js', 420, 438 ]
477 silly gunzTarPerm extractEntry src/locale/bo.js
478 silly gunzTarPerm modified mode [ 'src/locale/bo.js', 420, 438 ]
479 silly gunzTarPerm extractEntry src/locale/tzl.js
480 silly gunzTarPerm modified mode [ 'src/locale/tzl.js', 420, 438 ]
481 silly gunzTarPerm extractEntry src/locale/bn.js
482 silly gunzTarPerm modified mode [ 'src/locale/bn.js', 420, 438 ]
483 silly gunzTarPerm extractEntry src/locale/tzm-latn.js
484 silly gunzTarPerm modified mode [ 'src/locale/tzm-latn.js', 420, 438 ]
485 silly gunzTarPerm extractEntry src/locale/bg.js
486 silly gunzTarPerm modified mode [ 'src/locale/bg.js', 420, 438 ]
487 silly gunzTarPerm extractEntry src/locale/tzm.js
488 silly gunzTarPerm modified mode [ 'src/locale/tzm.js', 420, 438 ]
489 silly gunzTarPerm extractEntry src/locale/be.js
490 silly gunzTarPerm modified mode [ 'src/locale/be.js', 420, 438 ]
491 silly gunzTarPerm extractEntry src/locale/uk.js
492 silly gunzTarPerm modified mode [ 'src/locale/uk.js', 420, 438 ]
493 silly gunzTarPerm extractEntry src/locale/az.js
494 silly gunzTarPerm modified mode [ 'src/locale/az.js', 420, 438 ]
495 silly gunzTarPerm extractEntry src/locale/uz.js
496 silly gunzTarPerm modified mode [ 'src/locale/uz.js', 420, 438 ]
497 silly gunzTarPerm extractEntry src/locale/ar.js
498 silly gunzTarPerm modified mode [ 'src/locale/ar.js', 420, 438 ]
499 silly gunzTarPerm extractEntry src/locale/vi.js
500 silly gunzTarPerm modified mode [ 'src/locale/vi.js', 420, 438 ]
501 silly gunzTarPerm extractEntry src/locale/ar-tn.js
502 silly gunzTarPerm modified mode [ 'src/locale/ar-tn.js', 420, 438 ]
503 silly gunzTarPerm extractEntry src/locale/x-pseudo.js
504 silly gunzTarPerm modified mode [ 'src/locale/x-pseudo.js', 420, 438 ]
505 silly gunzTarPerm extractEntry src/locale/ar-sa.js
506 silly gunzTarPerm modified mode [ 'src/locale/ar-sa.js', 420, 438 ]
507 silly gunzTarPerm extractEntry src/locale/zh-cn.js
508 silly gunzTarPerm modified mode [ 'src/locale/zh-cn.js', 420, 438 ]
509 silly gunzTarPerm extractEntry src/locale/ar-ma.js
510 silly gunzTarPerm modified mode [ 'src/locale/ar-ma.js', 420, 438 ]
511 silly gunzTarPerm extractEntry src/locale/zh-tw.js
512 silly gunzTarPerm modified mode [ 'src/locale/zh-tw.js', 420, 438 ]
513 silly gunzTarPerm extractEntry src/locale/ka.js
514 silly gunzTarPerm modified mode [ 'src/locale/ka.js', 420, 438 ]
515 silly gunzTarPerm extractEntry locale/af.js
516 silly gunzTarPerm modified mode [ 'locale/af.js', 420, 438 ]
517 silly gunzTarPerm extractEntry locale/it.js
518 silly gunzTarPerm modified mode [ 'locale/it.js', 420, 438 ]
519 silly gunzTarPerm extractEntry locale/ja.js
520 silly gunzTarPerm modified mode [ 'locale/ja.js', 420, 438 ]
521 silly gunzTarPerm extractEntry locale/jv.js
522 silly gunzTarPerm modified mode [ 'locale/jv.js', 420, 438 ]
523 silly gunzTarPerm extractEntry locale/is.js
524 silly gunzTarPerm modified mode [ 'locale/is.js', 420, 438 ]
525 silly gunzTarPerm extractEntry locale/kk.js
526 silly gunzTarPerm modified mode [ 'locale/kk.js', 420, 438 ]
527 silly gunzTarPerm extractEntry locale/km.js
528 silly gunzTarPerm modified mode [ 'locale/km.js', 420, 438 ]
529 silly gunzTarPerm extractEntry locale/ko.js
530 silly gunzTarPerm modified mode [ 'locale/ko.js', 420, 438 ]
531 silly gunzTarPerm extractEntry locale/ky.js
532 silly gunzTarPerm modified mode [ 'locale/ky.js', 420, 438 ]
533 silly gunzTarPerm extractEntry locale/lb.js
534 silly gunzTarPerm modified mode [ 'locale/lb.js', 420, 438 ]
535 silly gunzTarPerm extractEntry locale/id.js
536 silly gunzTarPerm modified mode [ 'locale/id.js', 420, 438 ]
537 silly gunzTarPerm extractEntry locale/lo.js
538 silly gunzTarPerm modified mode [ 'locale/lo.js', 420, 438 ]
539 silly gunzTarPerm extractEntry locale/hy-am.js
540 silly gunzTarPerm modified mode [ 'locale/hy-am.js', 420, 438 ]
541 silly gunzTarPerm extractEntry locale/lt.js
542 silly gunzTarPerm modified mode [ 'locale/lt.js', 420, 438 ]
543 silly gunzTarPerm extractEntry locale/hu.js
544 silly gunzTarPerm modified mode [ 'locale/hu.js', 420, 438 ]
545 silly gunzTarPerm extractEntry locale/lv.js
546 silly gunzTarPerm modified mode [ 'locale/lv.js', 420, 438 ]
547 silly gunzTarPerm extractEntry locale/hr.js
548 silly gunzTarPerm modified mode [ 'locale/hr.js', 420, 438 ]
549 silly gunzTarPerm extractEntry locale/me.js
550 silly gunzTarPerm modified mode [ 'locale/me.js', 420, 438 ]
551 silly gunzTarPerm extractEntry locale/hi.js
552 silly gunzTarPerm modified mode [ 'locale/hi.js', 420, 438 ]
553 silly gunzTarPerm extractEntry locale/mk.js
554 silly gunzTarPerm modified mode [ 'locale/mk.js', 420, 438 ]
555 silly gunzTarPerm extractEntry locale/he.js
556 silly gunzTarPerm modified mode [ 'locale/he.js', 420, 438 ]
557 silly gunzTarPerm extractEntry locale/ml.js
558 silly gunzTarPerm modified mode [ 'locale/ml.js', 420, 438 ]
559 silly gunzTarPerm extractEntry locale/gl.js
560 silly gunzTarPerm modified mode [ 'locale/gl.js', 420, 438 ]
561 silly gunzTarPerm extractEntry locale/mr.js
562 silly gunzTarPerm modified mode [ 'locale/mr.js', 420, 438 ]
563 silly gunzTarPerm extractEntry locale/gd.js
564 silly gunzTarPerm modified mode [ 'locale/gd.js', 420, 438 ]
565 silly gunzTarPerm extractEntry locale/ms-my.js
566 silly gunzTarPerm modified mode [ 'locale/ms-my.js', 420, 438 ]
567 silly gunzTarPerm extractEntry locale/fy.js
568 silly gunzTarPerm modified mode [ 'locale/fy.js', 420, 438 ]
569 silly gunzTarPerm extractEntry locale/ms.js
570 silly gunzTarPerm modified mode [ 'locale/ms.js', 420, 438 ]
571 silly gunzTarPerm extractEntry locale/fr.js
572 silly gunzTarPerm modified mode [ 'locale/fr.js', 420, 438 ]
573 silly gunzTarPerm extractEntry locale/my.js
574 silly gunzTarPerm modified mode [ 'locale/my.js', 420, 438 ]
575 silly gunzTarPerm extractEntry locale/fr-ch.js
576 silly gunzTarPerm modified mode [ 'locale/fr-ch.js', 420, 438 ]
577 silly gunzTarPerm extractEntry locale/nb.js
578 silly gunzTarPerm modified mode [ 'locale/nb.js', 420, 438 ]
579 silly gunzTarPerm extractEntry locale/fr-ca.js
580 silly gunzTarPerm modified mode [ 'locale/fr-ca.js', 420, 438 ]
581 silly gunzTarPerm extractEntry locale/ne.js
582 silly gunzTarPerm modified mode [ 'locale/ne.js', 420, 438 ]
583 silly gunzTarPerm extractEntry locale/fo.js
584 silly gunzTarPerm modified mode [ 'locale/fo.js', 420, 438 ]
585 silly gunzTarPerm extractEntry locale/nl.js
586 silly gunzTarPerm modified mode [ 'locale/nl.js', 420, 438 ]
587 silly gunzTarPerm extractEntry locale/fi.js
588 silly gunzTarPerm modified mode [ 'locale/fi.js', 420, 438 ]
589 silly gunzTarPerm extractEntry locale/nn.js
590 silly gunzTarPerm modified mode [ 'locale/nn.js', 420, 438 ]
591 silly gunzTarPerm extractEntry locale/fa.js
592 silly gunzTarPerm modified mode [ 'locale/fa.js', 420, 438 ]
593 silly gunzTarPerm extractEntry locale/pa-in.js
594 silly gunzTarPerm modified mode [ 'locale/pa-in.js', 420, 438 ]
595 silly gunzTarPerm extractEntry locale/eu.js
596 silly gunzTarPerm modified mode [ 'locale/eu.js', 420, 438 ]
597 silly gunzTarPerm extractEntry locale/pl.js
598 silly gunzTarPerm modified mode [ 'locale/pl.js', 420, 438 ]
599 silly gunzTarPerm extractEntry locale/et.js
600 silly gunzTarPerm modified mode [ 'locale/et.js', 420, 438 ]
601 silly gunzTarPerm extractEntry locale/pt-br.js
602 silly gunzTarPerm modified mode [ 'locale/pt-br.js', 420, 438 ]
603 silly gunzTarPerm extractEntry locale/es.js
604 silly gunzTarPerm modified mode [ 'locale/es.js', 420, 438 ]
605 silly gunzTarPerm extractEntry locale/pt.js
606 silly gunzTarPerm modified mode [ 'locale/pt.js', 420, 438 ]
607 silly gunzTarPerm extractEntry locale/es-do.js
608 silly gunzTarPerm modified mode [ 'locale/es-do.js', 420, 438 ]
609 silly gunzTarPerm extractEntry locale/ro.js
610 silly gunzTarPerm modified mode [ 'locale/ro.js', 420, 438 ]
611 silly gunzTarPerm extractEntry locale/eo.js
612 silly gunzTarPerm modified mode [ 'locale/eo.js', 420, 438 ]
613 silly gunzTarPerm extractEntry locale/ru.js
614 silly gunzTarPerm modified mode [ 'locale/ru.js', 420, 438 ]
615 silly gunzTarPerm extractEntry locale/en-nz.js
616 silly gunzTarPerm modified mode [ 'locale/en-nz.js', 420, 438 ]
617 silly gunzTarPerm extractEntry locale/se.js
618 silly gunzTarPerm modified mode [ 'locale/se.js', 420, 438 ]
619 silly gunzTarPerm extractEntry locale/en-ie.js
620 silly gunzTarPerm modified mode [ 'locale/en-ie.js', 420, 438 ]
621 silly gunzTarPerm extractEntry locale/si.js
622 silly gunzTarPerm modified mode [ 'locale/si.js', 420, 438 ]
623 silly gunzTarPerm extractEntry locale/en-gb.js
624 silly gunzTarPerm modified mode [ 'locale/en-gb.js', 420, 438 ]
625 silly gunzTarPerm extractEntry locale/sk.js
626 silly gunzTarPerm modified mode [ 'locale/sk.js', 420, 438 ]
627 silly gunzTarPerm extractEntry locale/en-ca.js
628 silly gunzTarPerm modified mode [ 'locale/en-ca.js', 420, 438 ]
629 silly gunzTarPerm extractEntry locale/sl.js
630 silly gunzTarPerm modified mode [ 'locale/sl.js', 420, 438 ]
631 silly gunzTarPerm extractEntry locale/en-au.js
632 silly gunzTarPerm modified mode [ 'locale/en-au.js', 420, 438 ]
633 silly gunzTarPerm extractEntry locale/sq.js
634 silly gunzTarPerm modified mode [ 'locale/sq.js', 420, 438 ]
635 silly gunzTarPerm extractEntry locale/el.js
636 silly gunzTarPerm modified mode [ 'locale/el.js', 420, 438 ]
637 silly gunzTarPerm extractEntry locale/sr-cyrl.js
638 silly gunzTarPerm modified mode [ 'locale/sr-cyrl.js', 420, 438 ]
639 silly gunzTarPerm extractEntry locale/dv.js
640 silly gunzTarPerm modified mode [ 'locale/dv.js', 420, 438 ]
641 silly gunzTarPerm extractEntry locale/sr.js
642 silly gunzTarPerm modified mode [ 'locale/sr.js', 420, 438 ]
643 silly gunzTarPerm extractEntry locale/de.js
644 silly gunzTarPerm modified mode [ 'locale/de.js', 420, 438 ]
645 silly gunzTarPerm extractEntry locale/ss.js
646 silly gunzTarPerm modified mode [ 'locale/ss.js', 420, 438 ]
647 silly gunzTarPerm extractEntry locale/de-at.js
648 silly gunzTarPerm modified mode [ 'locale/de-at.js', 420, 438 ]
649 silly gunzTarPerm extractEntry locale/sv.js
650 silly gunzTarPerm modified mode [ 'locale/sv.js', 420, 438 ]
651 silly gunzTarPerm extractEntry locale/da.js
652 silly gunzTarPerm modified mode [ 'locale/da.js', 420, 438 ]
653 silly gunzTarPerm extractEntry locale/sw.js
654 silly gunzTarPerm modified mode [ 'locale/sw.js', 420, 438 ]
655 silly gunzTarPerm extractEntry locale/cy.js
656 silly gunzTarPerm modified mode [ 'locale/cy.js', 420, 438 ]
657 silly gunzTarPerm extractEntry locale/ta.js
658 silly gunzTarPerm modified mode [ 'locale/ta.js', 420, 438 ]
659 silly gunzTarPerm extractEntry locale/cv.js
660 silly gunzTarPerm modified mode [ 'locale/cv.js', 420, 438 ]
661 silly gunzTarPerm extractEntry locale/te.js
662 silly gunzTarPerm modified mode [ 'locale/te.js', 420, 438 ]
663 silly gunzTarPerm extractEntry locale/cs.js
664 silly gunzTarPerm modified mode [ 'locale/cs.js', 420, 438 ]
665 silly gunzTarPerm extractEntry locale/th.js
666 silly gunzTarPerm modified mode [ 'locale/th.js', 420, 438 ]
667 silly gunzTarPerm extractEntry locale/ca.js
668 silly gunzTarPerm modified mode [ 'locale/ca.js', 420, 438 ]
669 silly gunzTarPerm extractEntry locale/tl-ph.js
670 silly gunzTarPerm modified mode [ 'locale/tl-ph.js', 420, 438 ]
671 silly gunzTarPerm extractEntry locale/bs.js
672 silly gunzTarPerm modified mode [ 'locale/bs.js', 420, 438 ]
673 silly gunzTarPerm extractEntry locale/tlh.js
674 silly gunzTarPerm modified mode [ 'locale/tlh.js', 420, 438 ]
675 silly gunzTarPerm extractEntry locale/br.js
676 silly gunzTarPerm modified mode [ 'locale/br.js', 420, 438 ]
677 silly gunzTarPerm extractEntry locale/tr.js
678 silly gunzTarPerm modified mode [ 'locale/tr.js', 420, 438 ]
679 silly gunzTarPerm extractEntry locale/bo.js
680 silly gunzTarPerm modified mode [ 'locale/bo.js', 420, 438 ]
681 silly gunzTarPerm extractEntry locale/tzl.js
682 silly gunzTarPerm modified mode [ 'locale/tzl.js', 420, 438 ]
683 silly gunzTarPerm extractEntry locale/bn.js
684 silly gunzTarPerm modified mode [ 'locale/bn.js', 420, 438 ]
685 silly gunzTarPerm extractEntry locale/tzm-latn.js
686 silly gunzTarPerm modified mode [ 'locale/tzm-latn.js', 420, 438 ]
687 silly gunzTarPerm extractEntry locale/bg.js
688 silly gunzTarPerm modified mode [ 'locale/bg.js', 420, 438 ]
689 silly gunzTarPerm extractEntry locale/tzm.js
690 silly gunzTarPerm modified mode [ 'locale/tzm.js', 420, 438 ]
691 silly gunzTarPerm extractEntry locale/be.js
692 silly gunzTarPerm modified mode [ 'locale/be.js', 420, 438 ]
693 silly gunzTarPerm extractEntry locale/uk.js
694 silly gunzTarPerm modified mode [ 'locale/uk.js', 420, 438 ]
695 silly gunzTarPerm extractEntry locale/az.js
696 silly gunzTarPerm modified mode [ 'locale/az.js', 420, 438 ]
697 silly gunzTarPerm extractEntry locale/uz.js
698 silly gunzTarPerm modified mode [ 'locale/uz.js', 420, 438 ]
699 silly gunzTarPerm extractEntry locale/ar.js
700 silly gunzTarPerm modified mode [ 'locale/ar.js', 420, 438 ]
701 silly gunzTarPerm extractEntry locale/vi.js
702 silly gunzTarPerm modified mode [ 'locale/vi.js', 420, 438 ]
703 silly gunzTarPerm extractEntry locale/ar-tn.js
704 silly gunzTarPerm modified mode [ 'locale/ar-tn.js', 420, 438 ]
705 silly gunzTarPerm extractEntry locale/x-pseudo.js
706 silly gunzTarPerm modified mode [ 'locale/x-pseudo.js', 420, 438 ]
707 silly gunzTarPerm extractEntry locale/ar-sa.js
708 silly gunzTarPerm modified mode [ 'locale/ar-sa.js', 420, 438 ]
709 silly gunzTarPerm extractEntry locale/zh-cn.js
710 silly gunzTarPerm modified mode [ 'locale/zh-cn.js', 420, 438 ]
711 silly gunzTarPerm extractEntry locale/ar-ma.js
712 silly gunzTarPerm modified mode [ 'locale/ar-ma.js', 420, 438 ]
713 silly gunzTarPerm extractEntry locale/zh-tw.js
714 silly gunzTarPerm modified mode [ 'locale/zh-tw.js', 420, 438 ]
715 silly gunzTarPerm extractEntry locale/ka.js
716 silly gunzTarPerm modified mode [ 'locale/ka.js', 420, 438 ]
717 silly gunzTarPerm extractEntry CHANGELOG.md
718 silly gunzTarPerm modified mode [ 'CHANGELOG.md', 420, 438 ]
719 silly gunzTarPerm extractEntry min/locales.js
720 silly gunzTarPerm modified mode [ 'min/locales.js', 420, 438 ]
721 silly gunzTarPerm extractEntry min/locales.min.js
722 silly gunzTarPerm modified mode [ 'min/locales.min.js', 420, 438 ]
723 silly gunzTarPerm extractEntry min/moment-with-locales.js
724 silly gunzTarPerm modified mode [ 'min/moment-with-locales.js', 420, 438 ]
725 silly gunzTarPerm extractEntry min/moment-with-locales.min.js
726 silly gunzTarPerm modified mode [ 'min/moment-with-locales.min.js', 420, 438 ]
727 silly gunzTarPerm extractEntry min/moment.min.js
728 silly gunzTarPerm modified mode [ 'min/moment.min.js', 420, 438 ]
729 verbose write writing to C:\Users\cl1308\ProjetoSuperAcao\appsuperacao\node_modules\moment\package.json
730 info preinstall moment@2.14.1
731 verbose readDependencies loading dependencies from C:\Users\cl1308\ProjetoSuperAcao\appsuperacao\node_modules\moment\package.json
732 verbose readDependencies loading dependencies from C:\Users\cl1308\ProjetoSuperAcao\appsuperacao\node_modules\moment\package.json
733 silly install resolved []
734 verbose about to build C:\Users\cl1308\ProjetoSuperAcao\appsuperacao\node_modules\moment
735 info build C:\Users\cl1308\ProjetoSuperAcao\appsuperacao\node_modules\moment
736 info linkStuff moment@2.14.1
737 silly linkStuff moment@2.14.1 has C:\Users\cl1308\ProjetoSuperAcao\appsuperacao\node_modules as its parent node_modules
738 verbose linkBins moment@2.14.1
739 verbose linkMans moment@2.14.1
740 verbose rebuildBundles moment@2.14.1
741 info install moment@2.14.1
742 info postinstall moment@2.14.1
743 verbose unlock done using C:\Users\cl1308\AppData\Roaming\npm-cache\_locks\moment-b5d414da6452cb05.lock for C:\Users\cl1308\ProjetoSuperAcao\appsuperacao\node_modules\moment
744 verbose validateInstall loading C:\Users\cl1308\ProjetoSuperAcao\appsuperacao\package.json for validation
745 verbose stack Error: The package @angular/common@2.0.0-rc.3 does not satisfy its siblings' peerDependencies requirements!
745 verbose stack     at C:\Program Files\nodejs\node_modules\npm\lib\install.js:125:32
745 verbose stack     at C:\Program Files\nodejs\node_modules\npm\lib\install.js:268:7
745 verbose stack     at C:\Program Files\nodejs\node_modules\npm\node_modules\read-installed\read-installed.js:142:5
745 verbose stack     at C:\Program Files\nodejs\node_modules\npm\node_modules\read-installed\read-installed.js:263:14
745 verbose stack     at cb (C:\Program Files\nodejs\node_modules\npm\node_modules\slide\lib\async-map.js:47:24)
745 verbose stack     at C:\Program Files\nodejs\node_modules\npm\node_modules\read-installed\read-installed.js:263:14
745 verbose stack     at cb (C:\Program Files\nodejs\node_modules\npm\node_modules\slide\lib\async-map.js:47:24)
745 verbose stack     at C:\Program Files\nodejs\node_modules\npm\node_modules\read-installed\read-installed.js:263:14
745 verbose stack     at cb (C:\Program Files\nodejs\node_modules\npm\node_modules\slide\lib\async-map.js:47:24)
745 verbose stack     at C:\Program Files\nodejs\node_modules\npm\node_modules\read-installed\read-installed.js:263:14
746 verbose cwd C:\Users\cl1308\ProjetoSuperAcao\appsuperacao
747 error Windows_NT 6.1.7601
748 error argv "C:\\Program Files\\nodejs\\node.exe" "C:\\Program Files\\nodejs\\node_modules\\npm\\bin\\npm-cli.js" "install" "--save" "moment"
749 error node v4.4.7
750 error npm  v2.15.8
751 error code EPEERINVALID
752 error peerinvalid The package @angular/common@2.0.0-rc.3 does not satisfy its siblings' peerDependencies requirements!
752 error peerinvalid Peer @angular/platform-browser@2.0.0-rc.3 wants @angular/common@2.0.0-rc.3
752 error peerinvalid Peer @angular/platform-browser-dynamic@2.0.0-rc.3 wants @angular/common@2.0.0-rc.3
752 error peerinvalid Peer angularfire2@2.0.0-beta.3-0930330 wants @angular/common@2.0.0-rc.2
752 error peerinvalid Peer ionic-angular@2.0.0-beta.10 wants @angular/common@^2.0.0-rc.3
753 verbose exit [ 1, true ]
